<?xml version="1.0" encoding="UTF-8"?>
<!-- Generated by org.testng.reporters.JUnitXMLReporter -->
<testsuite hostname="LENOVO-PC" ignored="0" name="Default test" tests="2" failures="0" timestamp="21 Jan 2022 04:46:42 GMT" time="98.794" errors="0">
  <testcase name="CreateOragnizationWithIndustry" time="34.519" classname="Vtiger_Organization.CreateOrganization"/>
  <testcase name="CreateOrganizationTest" time="29.071" classname="Vtiger_Organization.CreateOrganization"/>
</testsuite> <!-- Default test -->
