<?xml version="1.0" encoding="UTF-8"?>
<!-- Generated by org.testng.reporters.JUnitXMLReporter -->
<testsuite hostname="LENOVO-PC" ignored="4" name="Test" tests="2" failures="0" timestamp="21 Jan 2022 08:12:09 GMT" time="118.985" errors="0">
  <testcase name="CreateOrganizationTest" time="43.323" classname="Vtiger_Organization.CreateOrganization"/>
  <testcase name="CreateNewContactsByPOM" time="34.669" classname="Vtiger_contact.CreateContact"/>
  <testcase name="@BeforeSuite configuBS" time="0.0" classname="Generic.BaseClassAnnotations">
    <ignored/>
  </testcase> <!-- @BeforeSuite configuBS -->
  <testcase name="CreateOragnizationWithIndustry" time="0.0" classname="Vtiger_Organization.CreateOrganization">
    <ignored/>
  </testcase> <!-- CreateOragnizationWithIndustry -->
  <testcase name="@AfterSuite ConfigAS" time="0.0" classname="Generic.BaseClassAnnotations">
    <ignored/>
  </testcase> <!-- @AfterSuite ConfigAS -->
  <testcase name="CreateContactWithOrganizationByPOM" time="0.0" classname="Vtiger_contact.CreateContact">
    <ignored/>
  </testcase> <!-- CreateContactWithOrganizationByPOM -->
</testsuite> <!-- Test -->
