<?xml version="1.0" encoding="UTF-8"?>
<!-- Generated by org.testng.reporters.JUnitXMLReporter -->
<testsuite hostname="LENOVO-PC" ignored="4" name="Test" tests="2" failures="0" timestamp="21 Jan 2022 08:09:18 GMT" time="207.465" errors="0">
  <testcase name="CreateOragnizationWithIndustry" time="61.684" classname="Vtiger_Organization.CreateOrganization"/>
  <testcase name="CreateContactWithOrganizationByPOM" time="88.385" classname="Vtiger_contact.CreateContact"/>
  <testcase name="@BeforeSuite configuBS" time="0.0" classname="Generic.BaseClassAnnotations">
    <ignored/>
  </testcase> <!-- @BeforeSuite configuBS -->
  <testcase name="@AfterSuite ConfigAS" time="0.0" classname="Generic.BaseClassAnnotations">
    <ignored/>
  </testcase> <!-- @AfterSuite ConfigAS -->
  <testcase name="CreateOrganizationTest" time="0.0" classname="Vtiger_Organization.CreateOrganization">
    <ignored/>
  </testcase> <!-- CreateOrganizationTest -->
  <testcase name="CreateNewContactsByPOM" time="0.0" classname="Vtiger_contact.CreateContact">
    <ignored/>
  </testcase> <!-- CreateNewContactsByPOM -->
</testsuite> <!-- Test -->
