<?xml version="1.0" encoding="UTF-8"?>
<!-- Generated by org.testng.reporters.JUnitXMLReporter -->
<testsuite hostname="LENOVO-PC" ignored="0" name="Test=2" tests="2" failures="0" timestamp="21 Jan 2022 08:53:04 GMT" time="148.553" errors="0">
  <testcase name="CreateOragnizationWithIndustry" time="59.174" classname="Vtiger_Organization.CreateOrganization"/>
  <testcase name="CreateOrganizationTest" time="32.195" classname="Vtiger_Organization.CreateOrganization"/>
</testsuite> <!-- Test=2 -->
