<?xml version="1.0" encoding="UTF-8"?>
<testng-results skipped="2" failed="0" ignored="4" total="12" passed="6">
  <reporter-output>
  </reporter-output>
  <suite name="Suite" duration-ms="405444" started-at="2022-01-21T10:18:18Z" finished-at="2022-01-21T10:25:04Z">
    <groups>
      <group name="regressionTest">
        <method signature="CreateContact.CreateContactWithOrganizationByPOM()[pri:0, instance:Vtiger_contact.CreateContact@5c3bd550]" name="CreateContactWithOrganizationByPOM" class="Vtiger_contact.CreateContact"/>
        <method signature="CreateOrganization.CreateOragnizationWithIndustry()[pri:0, instance:Vtiger_Organization.CreateOrganization@5e3a8624]" name="CreateOragnizationWithIndustry" class="Vtiger_Organization.CreateOrganization"/>
        <method signature="CreateContact.CreateContactWithOrganizationByPOM()[pri:0, instance:Vtiger_contact.CreateContact@589838eb]" name="CreateContactWithOrganizationByPOM" class="Vtiger_contact.CreateContact"/>
        <method signature="CreateOrganization.CreateOragnizationWithIndustry()[pri:0, instance:Vtiger_Organization.CreateOrganization@271053e1]" name="CreateOragnizationWithIndustry" class="Vtiger_Organization.CreateOrganization"/>
      </group> <!-- regressionTest -->
      <group name="smokeTest">
        <method signature="CreateContact.CreateNewContactsByPOM()[pri:0, instance:Vtiger_contact.CreateContact@5c3bd550]" name="CreateNewContactsByPOM" class="Vtiger_contact.CreateContact"/>
        <method signature="CreateOrganization.CreateOrganizationTest()[pri:0, instance:Vtiger_Organization.CreateOrganization@5e3a8624]" name="CreateOrganizationTest" class="Vtiger_Organization.CreateOrganization"/>
        <method signature="CreateContact.CreateNewContactsByPOM()[pri:0, instance:Vtiger_contact.CreateContact@589838eb]" name="CreateNewContactsByPOM" class="Vtiger_contact.CreateContact"/>
        <method signature="CreateOrganization.CreateOrganizationTest()[pri:0, instance:Vtiger_Organization.CreateOrganization@271053e1]" name="CreateOrganizationTest" class="Vtiger_Organization.CreateOrganization"/>
      </group> <!-- smokeTest -->
    </groups>
    <test name="Test=2" duration-ms="334931" started-at="2022-01-21T10:18:18Z" finished-at="2022-01-21T10:23:53Z">
      <class name="Vtiger_contact.CreateContact">
        <test-method status="PASS" signature="ConfigBC(java.lang.String)[pri:0, instance:Vtiger_contact.CreateContact@589838eb]" name="ConfigBC" is-config="true" duration-ms="44523" started-at="2022-01-21T10:20:34Z" finished-at="2022-01-21T10:21:19Z">
          <params>
            <param index="0">
              <value>
                <![CDATA[firefox]]>
              </value>
            </param>
          </params>
          <reporter-output>
          </reporter-output>
        </test-method> <!-- ConfigBC -->
        <test-method status="PASS" signature="ConfigBM()[pri:0, instance:Vtiger_contact.CreateContact@589838eb]" name="ConfigBM" is-config="true" duration-ms="20835" started-at="2022-01-21T10:21:19Z" finished-at="2022-01-21T10:21:40Z">
          <reporter-output>
          </reporter-output>
        </test-method> <!-- ConfigBM -->
        <test-method status="PASS" signature="CreateContactWithOrganizationByPOM()[pri:0, instance:Vtiger_contact.CreateContact@589838eb]" name="CreateContactWithOrganizationByPOM" duration-ms="84426" started-at="2022-01-21T10:21:40Z" finished-at="2022-01-21T10:23:04Z">
          <reporter-output>
          </reporter-output>
        </test-method> <!-- CreateContactWithOrganizationByPOM -->
        <test-method status="PASS" signature="ConfigAM()[pri:0, instance:Vtiger_contact.CreateContact@589838eb]" name="ConfigAM" is-config="true" duration-ms="5858" started-at="2022-01-21T10:23:04Z" finished-at="2022-01-21T10:23:10Z">
          <reporter-output>
          </reporter-output>
        </test-method> <!-- ConfigAM -->
        <test-method status="PASS" signature="ConfigBM()[pri:0, instance:Vtiger_contact.CreateContact@589838eb]" name="ConfigBM" is-config="true" duration-ms="5898" started-at="2022-01-21T10:23:10Z" finished-at="2022-01-21T10:23:16Z">
          <reporter-output>
          </reporter-output>
        </test-method> <!-- ConfigBM -->
        <test-method status="PASS" signature="CreateNewContactsByPOM()[pri:0, instance:Vtiger_contact.CreateContact@589838eb]" name="CreateNewContactsByPOM" duration-ms="27748" started-at="2022-01-21T10:23:16Z" finished-at="2022-01-21T10:23:44Z">
          <reporter-output>
          </reporter-output>
        </test-method> <!-- CreateNewContactsByPOM -->
        <test-method status="PASS" signature="ConfigAM()[pri:0, instance:Vtiger_contact.CreateContact@589838eb]" name="ConfigAM" is-config="true" duration-ms="4221" started-at="2022-01-21T10:23:44Z" finished-at="2022-01-21T10:23:48Z">
          <reporter-output>
          </reporter-output>
        </test-method> <!-- ConfigAM -->
        <test-method status="PASS" signature="ConfigAC()[pri:0, instance:Vtiger_contact.CreateContact@589838eb]" name="ConfigAC" is-config="true" duration-ms="5423" started-at="2022-01-21T10:23:48Z" finished-at="2022-01-21T10:23:53Z">
          <reporter-output>
          </reporter-output>
        </test-method> <!-- ConfigAC -->
      </class> <!-- Vtiger_contact.CreateContact -->
      <class name="Vtiger_Organization.CreateOrganization">
        <test-method status="PASS" signature="configuBS()[pri:0, instance:Vtiger_Organization.CreateOrganization@271053e1]" name="configuBS" is-config="true" duration-ms="32" started-at="2022-01-21T10:18:18Z" finished-at="2022-01-21T10:18:18Z">
          <reporter-output>
          </reporter-output>
        </test-method> <!-- configuBS -->
        <test-method status="FAIL" signature="ConfigBC(java.lang.String)[pri:0, instance:Vtiger_Organization.CreateOrganization@271053e1]" name="ConfigBC" is-config="true" duration-ms="135674" started-at="2022-01-21T10:18:18Z" finished-at="2022-01-21T10:20:34Z">
          <params>
            <param index="0">
              <value>
                <![CDATA[firefox]]>
              </value>
            </param>
          </params>
          <exception class="org.openqa.selenium.TimeoutException">
            <message>
              <![CDATA[No connection could be made because the target machine actively refused it. (os error 10061)
Build info: version: '3.141.59', revision: 'e82be7d358', time: '2018-11-14T08:17:03'
System info: host: 'LENOVO-PC', ip: '127.0.0.1', os.name: 'Windows 10', os.arch: 'amd64', os.version: '10.0', java.version: '1.8.0_291'
Driver info: driver.version: FirefoxDriver
remote stacktrace: ]]>
            </message>
            <full-stacktrace>
              <![CDATA[org.openqa.selenium.TimeoutException: No connection could be made because the target machine actively refused it. (os error 10061)
Build info: version: '3.141.59', revision: 'e82be7d358', time: '2018-11-14T08:17:03'
System info: host: 'LENOVO-PC', ip: '127.0.0.1', os.name: 'Windows 10', os.arch: 'amd64', os.version: '10.0', java.version: '1.8.0_291'
Driver info: driver.version: FirefoxDriver
remote stacktrace: 
at sun.reflect.NativeConstructorAccessorImpl.newInstance0(Native Method)
at sun.reflect.NativeConstructorAccessorImpl.newInstance(Unknown Source)
at sun.reflect.DelegatingConstructorAccessorImpl.newInstance(Unknown Source)
at java.lang.reflect.Constructor.newInstance(Unknown Source)
at org.openqa.selenium.remote.W3CHandshakeResponse.lambda$errorHandler$0(W3CHandshakeResponse.java:62)
at org.openqa.selenium.remote.HandshakeResponse.lambda$getResponseFunction$0(HandshakeResponse.java:30)
at org.openqa.selenium.remote.ProtocolHandshake.lambda$createSession$0(ProtocolHandshake.java:126)
at java.util.stream.ReferencePipeline$3$1.accept(Unknown Source)
at java.util.Spliterators$ArraySpliterator.tryAdvance(Unknown Source)
at java.util.stream.ReferencePipeline.forEachWithCancel(Unknown Source)
at java.util.stream.AbstractPipeline.copyIntoWithCancel(Unknown Source)
at java.util.stream.AbstractPipeline.copyInto(Unknown Source)
at java.util.stream.AbstractPipeline.wrapAndCopyInto(Unknown Source)
at java.util.stream.FindOps$FindOp.evaluateSequential(Unknown Source)
at java.util.stream.AbstractPipeline.evaluate(Unknown Source)
at java.util.stream.ReferencePipeline.findFirst(Unknown Source)
at org.openqa.selenium.remote.ProtocolHandshake.createSession(ProtocolHandshake.java:128)
at org.openqa.selenium.remote.ProtocolHandshake.createSession(ProtocolHandshake.java:74)
at org.openqa.selenium.remote.HttpCommandExecutor.execute(HttpCommandExecutor.java:136)
at org.openqa.selenium.remote.service.DriverCommandExecutor.execute(DriverCommandExecutor.java:83)
at org.openqa.selenium.remote.RemoteWebDriver.execute(RemoteWebDriver.java:552)
at org.openqa.selenium.remote.RemoteWebDriver.startSession(RemoteWebDriver.java:213)
at org.openqa.selenium.remote.RemoteWebDriver.<init>(RemoteWebDriver.java:131)
at org.openqa.selenium.firefox.FirefoxDriver.<init>(FirefoxDriver.java:147)
at org.openqa.selenium.firefox.FirefoxDriver.<init>(FirefoxDriver.java:125)
at Generic.BaseClassAnnotations.ConfigBC(BaseClassAnnotations.java:45)
at sun.reflect.NativeMethodAccessorImpl.invoke0(Native Method)
at sun.reflect.NativeMethodAccessorImpl.invoke(Unknown Source)
at sun.reflect.DelegatingMethodAccessorImpl.invoke(Unknown Source)
at java.lang.reflect.Method.invoke(Unknown Source)
at org.testng.internal.MethodInvocationHelper.invokeMethod(MethodInvocationHelper.java:124)
at org.testng.internal.MethodInvocationHelper.invokeMethodConsideringTimeout(MethodInvocationHelper.java:59)
at org.testng.internal.Invoker.invokeConfigurationMethod(Invoker.java:458)
at org.testng.internal.Invoker.invokeConfigurations(Invoker.java:222)
at org.testng.internal.Invoker.invokeConfigurations(Invoker.java:142)
at org.testng.internal.TestMethodWorker.invokeBeforeClassMethods(TestMethodWorker.java:168)
at org.testng.internal.TestMethodWorker.run(TestMethodWorker.java:105)
at org.testng.TestRunner.privateRun(TestRunner.java:648)
at org.testng.TestRunner.run(TestRunner.java:505)
at org.testng.SuiteRunner.runTest(SuiteRunner.java:455)
at org.testng.SuiteRunner.access$000(SuiteRunner.java:40)
at org.testng.SuiteRunner$SuiteWorker.run(SuiteRunner.java:489)
at org.testng.internal.thread.ThreadUtil$1.call(ThreadUtil.java:52)
at java.util.concurrent.FutureTask.run(Unknown Source)
at java.util.concurrent.ThreadPoolExecutor.runWorker(Unknown Source)
at java.util.concurrent.ThreadPoolExecutor$Worker.run(Unknown Source)
at java.lang.Thread.run(Unknown Source)
]]>
            </full-stacktrace>
          </exception> <!-- org.openqa.selenium.TimeoutException -->
          <reporter-output>
          </reporter-output>
        </test-method> <!-- ConfigBC -->
        <test-method status="SKIP" signature="ConfigBM()[pri:0, instance:Vtiger_Organization.CreateOrganization@271053e1]" name="ConfigBM" is-config="true" duration-ms="0" started-at="2022-01-21T10:20:34Z" finished-at="2022-01-21T10:20:34Z">
          <reporter-output>
          </reporter-output>
        </test-method> <!-- ConfigBM -->
        <test-method status="SKIP" signature="CreateOragnizationWithIndustry()[pri:0, instance:Vtiger_Organization.CreateOrganization@271053e1]" name="CreateOragnizationWithIndustry" duration-ms="0" started-at="2022-01-21T10:20:34Z" finished-at="2022-01-21T10:20:34Z">
          <exception class="org.openqa.selenium.TimeoutException">
            <message>
              <![CDATA[No connection could be made because the target machine actively refused it. (os error 10061)
Build info: version: '3.141.59', revision: 'e82be7d358', time: '2018-11-14T08:17:03'
System info: host: 'LENOVO-PC', ip: '127.0.0.1', os.name: 'Windows 10', os.arch: 'amd64', os.version: '10.0', java.version: '1.8.0_291'
Driver info: driver.version: FirefoxDriver
remote stacktrace: ]]>
            </message>
            <full-stacktrace>
              <![CDATA[org.openqa.selenium.TimeoutException: No connection could be made because the target machine actively refused it. (os error 10061)
Build info: version: '3.141.59', revision: 'e82be7d358', time: '2018-11-14T08:17:03'
System info: host: 'LENOVO-PC', ip: '127.0.0.1', os.name: 'Windows 10', os.arch: 'amd64', os.version: '10.0', java.version: '1.8.0_291'
Driver info: driver.version: FirefoxDriver
remote stacktrace: 
at sun.reflect.NativeConstructorAccessorImpl.newInstance0(Native Method)
at sun.reflect.NativeConstructorAccessorImpl.newInstance(Unknown Source)
at sun.reflect.DelegatingConstructorAccessorImpl.newInstance(Unknown Source)
at java.lang.reflect.Constructor.newInstance(Unknown Source)
at org.openqa.selenium.remote.W3CHandshakeResponse.lambda$errorHandler$0(W3CHandshakeResponse.java:62)
at org.openqa.selenium.remote.HandshakeResponse.lambda$getResponseFunction$0(HandshakeResponse.java:30)
at org.openqa.selenium.remote.ProtocolHandshake.lambda$createSession$0(ProtocolHandshake.java:126)
at java.util.stream.ReferencePipeline$3$1.accept(Unknown Source)
at java.util.Spliterators$ArraySpliterator.tryAdvance(Unknown Source)
at java.util.stream.ReferencePipeline.forEachWithCancel(Unknown Source)
at java.util.stream.AbstractPipeline.copyIntoWithCancel(Unknown Source)
at java.util.stream.AbstractPipeline.copyInto(Unknown Source)
at java.util.stream.AbstractPipeline.wrapAndCopyInto(Unknown Source)
at java.util.stream.FindOps$FindOp.evaluateSequential(Unknown Source)
at java.util.stream.AbstractPipeline.evaluate(Unknown Source)
at java.util.stream.ReferencePipeline.findFirst(Unknown Source)
at org.openqa.selenium.remote.ProtocolHandshake.createSession(ProtocolHandshake.java:128)
at org.openqa.selenium.remote.ProtocolHandshake.createSession(ProtocolHandshake.java:74)
at org.openqa.selenium.remote.HttpCommandExecutor.execute(HttpCommandExecutor.java:136)
at org.openqa.selenium.remote.service.DriverCommandExecutor.execute(DriverCommandExecutor.java:83)
at org.openqa.selenium.remote.RemoteWebDriver.execute(RemoteWebDriver.java:552)
at org.openqa.selenium.remote.RemoteWebDriver.startSession(RemoteWebDriver.java:213)
at org.openqa.selenium.remote.RemoteWebDriver.<init>(RemoteWebDriver.java:131)
at org.openqa.selenium.firefox.FirefoxDriver.<init>(FirefoxDriver.java:147)
at org.openqa.selenium.firefox.FirefoxDriver.<init>(FirefoxDriver.java:125)
at Generic.BaseClassAnnotations.ConfigBC(BaseClassAnnotations.java:45)
at sun.reflect.NativeMethodAccessorImpl.invoke0(Native Method)
at sun.reflect.NativeMethodAccessorImpl.invoke(Unknown Source)
at sun.reflect.DelegatingMethodAccessorImpl.invoke(Unknown Source)
at java.lang.reflect.Method.invoke(Unknown Source)
at org.testng.internal.MethodInvocationHelper.invokeMethod(MethodInvocationHelper.java:124)
at org.testng.internal.MethodInvocationHelper.invokeMethodConsideringTimeout(MethodInvocationHelper.java:59)
at org.testng.internal.Invoker.invokeConfigurationMethod(Invoker.java:458)
at org.testng.internal.Invoker.invokeConfigurations(Invoker.java:222)
at org.testng.internal.Invoker.invokeConfigurations(Invoker.java:142)
at org.testng.internal.TestMethodWorker.invokeBeforeClassMethods(TestMethodWorker.java:168)
at org.testng.internal.TestMethodWorker.run(TestMethodWorker.java:105)
at org.testng.TestRunner.privateRun(TestRunner.java:648)
at org.testng.TestRunner.run(TestRunner.java:505)
at org.testng.SuiteRunner.runTest(SuiteRunner.java:455)
at org.testng.SuiteRunner.access$000(SuiteRunner.java:40)
at org.testng.SuiteRunner$SuiteWorker.run(SuiteRunner.java:489)
at org.testng.internal.thread.ThreadUtil$1.call(ThreadUtil.java:52)
at java.util.concurrent.FutureTask.run(Unknown Source)
at java.util.concurrent.ThreadPoolExecutor.runWorker(Unknown Source)
at java.util.concurrent.ThreadPoolExecutor$Worker.run(Unknown Source)
at java.lang.Thread.run(Unknown Source)
]]>
            </full-stacktrace>
          </exception> <!-- org.openqa.selenium.TimeoutException -->
          <reporter-output>
          </reporter-output>
        </test-method> <!-- CreateOragnizationWithIndustry -->
        <test-method status="SKIP" signature="ConfigAM()[pri:0, instance:Vtiger_Organization.CreateOrganization@271053e1]" name="ConfigAM" is-config="true" duration-ms="0" started-at="2022-01-21T10:20:34Z" finished-at="2022-01-21T10:20:34Z">
          <reporter-output>
          </reporter-output>
        </test-method> <!-- ConfigAM -->
        <test-method status="SKIP" signature="ConfigBM()[pri:0, instance:Vtiger_Organization.CreateOrganization@271053e1]" name="ConfigBM" is-config="true" duration-ms="0" started-at="2022-01-21T10:20:34Z" finished-at="2022-01-21T10:20:34Z">
          <reporter-output>
          </reporter-output>
        </test-method> <!-- ConfigBM -->
        <test-method status="SKIP" signature="CreateOrganizationTest()[pri:0, instance:Vtiger_Organization.CreateOrganization@271053e1]" name="CreateOrganizationTest" duration-ms="0" started-at="2022-01-21T10:20:34Z" finished-at="2022-01-21T10:20:34Z">
          <exception class="org.openqa.selenium.TimeoutException">
            <message>
              <![CDATA[No connection could be made because the target machine actively refused it. (os error 10061)
Build info: version: '3.141.59', revision: 'e82be7d358', time: '2018-11-14T08:17:03'
System info: host: 'LENOVO-PC', ip: '127.0.0.1', os.name: 'Windows 10', os.arch: 'amd64', os.version: '10.0', java.version: '1.8.0_291'
Driver info: driver.version: FirefoxDriver
remote stacktrace: ]]>
            </message>
            <full-stacktrace>
              <![CDATA[org.openqa.selenium.TimeoutException: No connection could be made because the target machine actively refused it. (os error 10061)
Build info: version: '3.141.59', revision: 'e82be7d358', time: '2018-11-14T08:17:03'
System info: host: 'LENOVO-PC', ip: '127.0.0.1', os.name: 'Windows 10', os.arch: 'amd64', os.version: '10.0', java.version: '1.8.0_291'
Driver info: driver.version: FirefoxDriver
remote stacktrace: 
at sun.reflect.NativeConstructorAccessorImpl.newInstance0(Native Method)
at sun.reflect.NativeConstructorAccessorImpl.newInstance(Unknown Source)
at sun.reflect.DelegatingConstructorAccessorImpl.newInstance(Unknown Source)
at java.lang.reflect.Constructor.newInstance(Unknown Source)
at org.openqa.selenium.remote.W3CHandshakeResponse.lambda$errorHandler$0(W3CHandshakeResponse.java:62)
at org.openqa.selenium.remote.HandshakeResponse.lambda$getResponseFunction$0(HandshakeResponse.java:30)
at org.openqa.selenium.remote.ProtocolHandshake.lambda$createSession$0(ProtocolHandshake.java:126)
at java.util.stream.ReferencePipeline$3$1.accept(Unknown Source)
at java.util.Spliterators$ArraySpliterator.tryAdvance(Unknown Source)
at java.util.stream.ReferencePipeline.forEachWithCancel(Unknown Source)
at java.util.stream.AbstractPipeline.copyIntoWithCancel(Unknown Source)
at java.util.stream.AbstractPipeline.copyInto(Unknown Source)
at java.util.stream.AbstractPipeline.wrapAndCopyInto(Unknown Source)
at java.util.stream.FindOps$FindOp.evaluateSequential(Unknown Source)
at java.util.stream.AbstractPipeline.evaluate(Unknown Source)
at java.util.stream.ReferencePipeline.findFirst(Unknown Source)
at org.openqa.selenium.remote.ProtocolHandshake.createSession(ProtocolHandshake.java:128)
at org.openqa.selenium.remote.ProtocolHandshake.createSession(ProtocolHandshake.java:74)
at org.openqa.selenium.remote.HttpCommandExecutor.execute(HttpCommandExecutor.java:136)
at org.openqa.selenium.remote.service.DriverCommandExecutor.execute(DriverCommandExecutor.java:83)
at org.openqa.selenium.remote.RemoteWebDriver.execute(RemoteWebDriver.java:552)
at org.openqa.selenium.remote.RemoteWebDriver.startSession(RemoteWebDriver.java:213)
at org.openqa.selenium.remote.RemoteWebDriver.<init>(RemoteWebDriver.java:131)
at org.openqa.selenium.firefox.FirefoxDriver.<init>(FirefoxDriver.java:147)
at org.openqa.selenium.firefox.FirefoxDriver.<init>(FirefoxDriver.java:125)
at Generic.BaseClassAnnotations.ConfigBC(BaseClassAnnotations.java:45)
at sun.reflect.NativeMethodAccessorImpl.invoke0(Native Method)
at sun.reflect.NativeMethodAccessorImpl.invoke(Unknown Source)
at sun.reflect.DelegatingMethodAccessorImpl.invoke(Unknown Source)
at java.lang.reflect.Method.invoke(Unknown Source)
at org.testng.internal.MethodInvocationHelper.invokeMethod(MethodInvocationHelper.java:124)
at org.testng.internal.MethodInvocationHelper.invokeMethodConsideringTimeout(MethodInvocationHelper.java:59)
at org.testng.internal.Invoker.invokeConfigurationMethod(Invoker.java:458)
at org.testng.internal.Invoker.invokeConfigurations(Invoker.java:222)
at org.testng.internal.Invoker.invokeConfigurations(Invoker.java:142)
at org.testng.internal.TestMethodWorker.invokeBeforeClassMethods(TestMethodWorker.java:168)
at org.testng.internal.TestMethodWorker.run(TestMethodWorker.java:105)
at org.testng.TestRunner.privateRun(TestRunner.java:648)
at org.testng.TestRunner.run(TestRunner.java:505)
at org.testng.SuiteRunner.runTest(SuiteRunner.java:455)
at org.testng.SuiteRunner.access$000(SuiteRunner.java:40)
at org.testng.SuiteRunner$SuiteWorker.run(SuiteRunner.java:489)
at org.testng.internal.thread.ThreadUtil$1.call(ThreadUtil.java:52)
at java.util.concurrent.FutureTask.run(Unknown Source)
at java.util.concurrent.ThreadPoolExecutor.runWorker(Unknown Source)
at java.util.concurrent.ThreadPoolExecutor$Worker.run(Unknown Source)
at java.lang.Thread.run(Unknown Source)
]]>
            </full-stacktrace>
          </exception> <!-- org.openqa.selenium.TimeoutException -->
          <reporter-output>
          </reporter-output>
        </test-method> <!-- CreateOrganizationTest -->
        <test-method status="SKIP" signature="ConfigAM()[pri:0, instance:Vtiger_Organization.CreateOrganization@271053e1]" name="ConfigAM" is-config="true" duration-ms="0" started-at="2022-01-21T10:20:34Z" finished-at="2022-01-21T10:20:34Z">
          <reporter-output>
          </reporter-output>
        </test-method> <!-- ConfigAM -->
        <test-method status="SKIP" signature="ConfigAC()[pri:0, instance:Vtiger_Organization.CreateOrganization@271053e1]" name="ConfigAC" is-config="true" duration-ms="0" started-at="2022-01-21T10:20:34Z" finished-at="2022-01-21T10:20:34Z">
          <reporter-output>
          </reporter-output>
        </test-method> <!-- ConfigAC -->
        <test-method status="PASS" signature="ConfigAS()[pri:0, instance:Vtiger_Organization.CreateOrganization@271053e1]" name="ConfigAS" is-config="true" duration-ms="5" started-at="2022-01-21T10:25:04Z" finished-at="2022-01-21T10:25:04Z">
          <reporter-output>
          </reporter-output>
        </test-method> <!-- ConfigAS -->
      </class> <!-- Vtiger_Organization.CreateOrganization -->
    </test> <!-- Test=2 -->
    <test name="Test=1" duration-ms="405444" started-at="2022-01-21T10:18:18Z" finished-at="2022-01-21T10:25:04Z">
      <class name="Vtiger_contact.CreateContact">
        <test-method status="PASS" signature="ConfigBC(java.lang.String)[pri:0, instance:Vtiger_contact.CreateContact@5c3bd550]" name="ConfigBC" is-config="true" duration-ms="14334" started-at="2022-01-21T10:22:43Z" finished-at="2022-01-21T10:22:57Z">
          <params>
            <param index="0">
              <value>
                <![CDATA[chrome]]>
              </value>
            </param>
          </params>
          <reporter-output>
          </reporter-output>
        </test-method> <!-- ConfigBC -->
        <test-method status="PASS" signature="ConfigBM()[pri:0, instance:Vtiger_contact.CreateContact@5c3bd550]" name="ConfigBM" is-config="true" duration-ms="9914" started-at="2022-01-21T10:22:57Z" finished-at="2022-01-21T10:23:07Z">
          <reporter-output>
          </reporter-output>
        </test-method> <!-- ConfigBM -->
        <test-method status="PASS" signature="CreateContactWithOrganizationByPOM()[pri:0, instance:Vtiger_contact.CreateContact@5c3bd550]" name="CreateContactWithOrganizationByPOM" duration-ms="74972" started-at="2022-01-21T10:23:07Z" finished-at="2022-01-21T10:24:22Z">
          <reporter-output>
          </reporter-output>
        </test-method> <!-- CreateContactWithOrganizationByPOM -->
        <test-method status="PASS" signature="ConfigAM()[pri:0, instance:Vtiger_contact.CreateContact@5c3bd550]" name="ConfigAM" is-config="true" duration-ms="3865" started-at="2022-01-21T10:24:22Z" finished-at="2022-01-21T10:24:26Z">
          <reporter-output>
          </reporter-output>
        </test-method> <!-- ConfigAM -->
        <test-method status="PASS" signature="ConfigBM()[pri:0, instance:Vtiger_contact.CreateContact@5c3bd550]" name="ConfigBM" is-config="true" duration-ms="6278" started-at="2022-01-21T10:24:26Z" finished-at="2022-01-21T10:24:32Z">
          <reporter-output>
          </reporter-output>
        </test-method> <!-- ConfigBM -->
        <test-method status="PASS" signature="CreateNewContactsByPOM()[pri:0, instance:Vtiger_contact.CreateContact@5c3bd550]" name="CreateNewContactsByPOM" duration-ms="28039" started-at="2022-01-21T10:24:32Z" finished-at="2022-01-21T10:25:00Z">
          <reporter-output>
          </reporter-output>
        </test-method> <!-- CreateNewContactsByPOM -->
        <test-method status="PASS" signature="ConfigAM()[pri:0, instance:Vtiger_contact.CreateContact@5c3bd550]" name="ConfigAM" is-config="true" duration-ms="3377" started-at="2022-01-21T10:25:00Z" finished-at="2022-01-21T10:25:04Z">
          <reporter-output>
          </reporter-output>
        </test-method> <!-- ConfigAM -->
        <test-method status="PASS" signature="ConfigAC()[pri:0, instance:Vtiger_contact.CreateContact@5c3bd550]" name="ConfigAC" is-config="true" duration-ms="244" started-at="2022-01-21T10:25:04Z" finished-at="2022-01-21T10:25:04Z">
          <reporter-output>
          </reporter-output>
        </test-method> <!-- ConfigAC -->
      </class> <!-- Vtiger_contact.CreateContact -->
      <class name="Vtiger_Organization.CreateOrganization">
        <test-method status="PASS" signature="ConfigBC(java.lang.String)[pri:0, instance:Vtiger_Organization.CreateOrganization@5e3a8624]" name="ConfigBC" is-config="true" duration-ms="14328" started-at="2022-01-21T10:18:18Z" finished-at="2022-01-21T10:18:33Z">
          <params>
            <param index="0">
              <value>
                <![CDATA[chrome]]>
              </value>
            </param>
          </params>
          <reporter-output>
          </reporter-output>
        </test-method> <!-- ConfigBC -->
        <test-method status="PASS" signature="ConfigBM()[pri:0, instance:Vtiger_Organization.CreateOrganization@5e3a8624]" name="ConfigBM" is-config="true" duration-ms="25679" started-at="2022-01-21T10:18:33Z" finished-at="2022-01-21T10:18:58Z">
          <reporter-output>
          </reporter-output>
        </test-method> <!-- ConfigBM -->
        <test-method status="PASS" signature="CreateOragnizationWithIndustry()[pri:0, instance:Vtiger_Organization.CreateOrganization@5e3a8624]" name="CreateOragnizationWithIndustry" duration-ms="90285" started-at="2022-01-21T10:18:58Z" finished-at="2022-01-21T10:20:29Z">
          <reporter-output>
          </reporter-output>
        </test-method> <!-- CreateOragnizationWithIndustry -->
        <test-method status="PASS" signature="ConfigAM()[pri:0, instance:Vtiger_Organization.CreateOrganization@5e3a8624]" name="ConfigAM" is-config="true" duration-ms="14267" started-at="2022-01-21T10:20:29Z" finished-at="2022-01-21T10:20:43Z">
          <reporter-output>
          </reporter-output>
        </test-method> <!-- ConfigAM -->
        <test-method status="PASS" signature="ConfigBM()[pri:0, instance:Vtiger_Organization.CreateOrganization@5e3a8624]" name="ConfigBM" is-config="true" duration-ms="32255" started-at="2022-01-21T10:20:43Z" finished-at="2022-01-21T10:21:15Z">
          <reporter-output>
          </reporter-output>
        </test-method> <!-- ConfigBM -->
        <test-method status="PASS" signature="CreateOrganizationTest()[pri:0, instance:Vtiger_Organization.CreateOrganization@5e3a8624]" name="CreateOrganizationTest" duration-ms="75136" started-at="2022-01-21T10:21:15Z" finished-at="2022-01-21T10:22:30Z">
          <reporter-output>
          </reporter-output>
        </test-method> <!-- CreateOrganizationTest -->
        <test-method status="PASS" signature="ConfigAM()[pri:0, instance:Vtiger_Organization.CreateOrganization@5e3a8624]" name="ConfigAM" is-config="true" duration-ms="9254" started-at="2022-01-21T10:22:30Z" finished-at="2022-01-21T10:22:40Z">
          <reporter-output>
          </reporter-output>
        </test-method> <!-- ConfigAM -->
        <test-method status="PASS" signature="ConfigAC()[pri:0, instance:Vtiger_Organization.CreateOrganization@5e3a8624]" name="ConfigAC" is-config="true" duration-ms="3140" started-at="2022-01-21T10:22:40Z" finished-at="2022-01-21T10:22:43Z">
          <reporter-output>
          </reporter-output>
        </test-method> <!-- ConfigAC -->
      </class> <!-- Vtiger_Organization.CreateOrganization -->
    </test> <!-- Test=1 -->
  </suite> <!-- Suite -->
</testng-results>
